\BOOKMARK [0][-]{chapter*.2}{Lista de figuras}{}% 1
\BOOKMARK [0][-]{chapter*.3}{Lista de tablas}{}% 2
\BOOKMARK [0][-]{chapter*.5}{Agradecimientos}{}% 3
\BOOKMARK [0][-]{chapter.1}{Introducci\363n al caos}{}% 4
\BOOKMARK [1][-]{section.1.1}{Origen}{chapter.1}% 5
\BOOKMARK [0][-]{chapter.2}{Mapa ca\363tico Renyi}{}% 6
\BOOKMARK [1][-]{section.2.1}{Proceso de discretizaci\363n}{chapter.2}% 7
\BOOKMARK [0][-]{chapter.3}{Caos Discretizado para la generaci\363n de n\372meros pseudoaleatorios en Criptograf\355a.}{}% 8
\BOOKMARK [1][-]{section.3.1}{Introducci\363n}{chapter.3}% 9
\BOOKMARK [1][-]{section.3.2}{Generadores congruenciales lineales vs. no lineales}{chapter.3}% 10
\BOOKMARK [1][-]{section.3.3}{Statistically Stable Mixing Systems}{chapter.3}% 11
\BOOKMARK [2][-]{subsection.3.3.1}{Generador verdadero de n\372meros aleatorios con Mapas Renyi}{section.3.3}% 12
\BOOKMARK [0][-]{chapter.4}{Transmisi\363n de datos}{}% 13
\BOOKMARK [1][-]{section.4.1}{Sistema de Empaquetado RTP}{chapter.4}% 14
\BOOKMARK [2][-]{subsection.4.1.1}{Caracter\355sticas generales y estructura}{section.4.1}% 15
\BOOKMARK [1][-]{section.4.2}{C\363digos de longitud variable}{chapter.4}% 16
\BOOKMARK [0][-]{chapter.5}{Resultados}{}% 17
\BOOKMARK [1][-]{section.5.1}{Sistema de cifrado}{chapter.5}% 18
\BOOKMARK [2][-]{subsection.5.1.1}{Inversi\363n de Bits}{section.5.1}% 19
\BOOKMARK [2][-]{subsection.5.1.2}{Segment shuffling}{section.5.1}% 20
\BOOKMARK [2][-]{subsection.5.1.3}{Esquema robusto contra un ataque diferencial}{section.5.1}% 21
\BOOKMARK [0][-]{section*.14}{Bibliograf\355a}{}% 22
